{"meta": {"version": "7.2.7", "timestamp": "2023-06-03T12:36:33.355645", "branch_coverage": false, "show_contexts": false}, "files": {"src/partitionpy/__init__.py": {"executed_lines": [1, 5, 7, 8, 9, 10], "summary": {"covered_lines": 5, "num_statements": 5, "percent_covered": 100.0, "percent_covered_display": "100", "missing_lines": 0, "excluded_lines": 0}, "missing_lines": [], "excluded_lines": []}, "src/partitionpy/ckk.py": {"executed_lines": [1, 5, 6, 7, 9, 24], "summary": {"covered_lines": 5, "num_statements": 5, "percent_covered": 100.0, "percent_covered_display": "100", "missing_lines": 0, "excluded_lines": 0}, "missing_lines": [], "excluded_lines": []}, "src/partitionpy/complete_base.py": {"executed_lines": [1, 8, 10, 12, 28, 29, 31, 33, 35, 36, 37, 38, 40, 44, 45, 55, 56, 59, 61, 62, 63, 64, 66, 67, 68, 70, 71, 72, 81, 82, 83, 84, 86, 87, 89, 93, 94, 95, 96, 97, 98, 99, 101, 102, 103, 104, 106], "summary": {"covered_lines": 46, "num_statements": 51, "percent_covered": 90.19607843137256, "percent_covered_display": "90", "missing_lines": 5, "excluded_lines": 0}, "missing_lines": [57, 74, 75, 76, 77], "excluded_lines": []}, "src/partitionpy/kckk.py": {"executed_lines": [1, 5, 7, 8, 10, 29, 30, 33, 37, 38, 39, 41, 42, 43, 44, 45, 46, 47, 54, 56, 57, 58, 59, 61, 62, 65, 66, 67, 69, 70, 71, 73, 74, 75, 77, 78, 80, 81, 83, 84, 87, 89, 90, 93, 94, 97, 98, 99, 100, 101, 102, 103, 105, 106, 107, 108, 109, 110, 111, 113], "summary": {"covered_lines": 59, "num_statements": 59, "percent_covered": 100.0, "percent_covered_display": "100", "missing_lines": 0, "excluded_lines": 0}, "missing_lines": [], "excluded_lines": []}, "src/partitionpy/kk.py": {"executed_lines": [1, 4, 5, 7, 9, 11, 12, 13, 14, 15, 16, 17, 19, 20, 22, 23, 24, 25, 27, 28, 29, 30, 31, 33, 36, 37, 38, 39, 40, 41, 42, 43, 44, 46, 72, 73, 75, 76, 77, 78, 80, 81, 83, 84, 85, 86, 87, 88, 90, 91, 92, 94], "summary": {"covered_lines": 51, "num_statements": 52, "percent_covered": 98.07692307692308, "percent_covered_display": "98", "missing_lines": 1, "excluded_lines": 0}, "missing_lines": [32], "excluded_lines": []}, "src/partitionpy/naive_greedy.py": {"executed_lines": [1, 4, 5, 7, 18, 19, 21, 24, 25, 26, 27, 29, 30, 31, 32, 34, 35, 37], "summary": {"covered_lines": 17, "num_statements": 17, "percent_covered": 100.0, "percent_covered_display": "100", "missing_lines": 0, "excluded_lines": 0}, "missing_lines": [], "excluded_lines": []}, "src/partitionpy/types.py": {"executed_lines": [1, 5, 7, 8], "summary": {"covered_lines": 3, "num_statements": 3, "percent_covered": 100.0, "percent_covered_display": "100", "missing_lines": 0, "excluded_lines": 0}, "missing_lines": [], "excluded_lines": []}, "tests/common.py": {"executed_lines": [1, 5, 9, 10, 13, 14, 15, 16, 19, 20, 22, 23], "summary": {"covered_lines": 11, "num_statements": 11, "percent_covered": 100.0, "percent_covered_display": "100", "missing_lines": 0, "excluded_lines": 0}, "missing_lines": [], "excluded_lines": []}, "tests/test_ckk.py": {"executed_lines": [1, 7, 8, 9, 11, 12, 13, 14, 15, 17, 18, 19, 20, 22, 24, 25, 26, 28, 30, 31, 32], "summary": {"covered_lines": 20, "num_statements": 20, "percent_covered": 100.0, "percent_covered_display": "100", "missing_lines": 0, "excluded_lines": 0}, "missing_lines": [], "excluded_lines": []}, "tests/test_greedy.py": {"executed_lines": [1, 7, 8, 9, 11, 12, 13, 14, 15, 17, 18, 19, 20, 22, 24, 25, 26, 28, 30, 31, 32], "summary": {"covered_lines": 20, "num_statements": 20, "percent_covered": 100.0, "percent_covered_display": "100", "missing_lines": 0, "excluded_lines": 0}, "missing_lines": [], "excluded_lines": []}, "tests/test_kckk.py": {"executed_lines": [1, 7, 8, 9, 11, 12, 13, 14, 15, 17, 18, 19, 20], "summary": {"covered_lines": 12, "num_statements": 12, "percent_covered": 100.0, "percent_covered_display": "100", "missing_lines": 0, "excluded_lines": 0}, "missing_lines": [], "excluded_lines": []}, "tests/test_kk.py": {"executed_lines": [1, 7, 8, 9, 11, 12, 13, 14, 15, 17, 18, 19, 20, 22, 24, 25, 26, 28, 30, 31, 32], "summary": {"covered_lines": 20, "num_statements": 20, "percent_covered": 100.0, "percent_covered_display": "100", "missing_lines": 0, "excluded_lines": 0}, "missing_lines": [], "excluded_lines": []}}, "totals": {"covered_lines": 269, "num_statements": 275, "percent_covered": 97.81818181818181, "percent_covered_display": "98", "missing_lines": 6, "excluded_lines": 0}}